0 info it worked if it ends with ok
1 verbose cli [ '/usr/local/bin/node',
1 verbose cli   '/usr/local/bin/npm',
1 verbose cli   'install',
1 verbose cli   'jquery' ]
2 info using npm@2.15.1
3 info using node@v4.4.4
4 verbose install initial load of /Users/baolyang/Desktop/other/portfolioCode/package.json
5 verbose readDependencies loading dependencies from /Users/baolyang/Desktop/other/portfolioCode/package.json
6 silly cache add args [ 'jquery', null ]
7 verbose cache add spec jquery
8 silly cache add parsed spec Result {
8 silly cache add   raw: 'jquery',
8 silly cache add   scope: null,
8 silly cache add   name: 'jquery',
8 silly cache add   rawSpec: '',
8 silly cache add   spec: 'latest',
8 silly cache add   type: 'tag' }
9 silly addNamed jquery@latest
10 verbose addNamed "latest" is being treated as a dist-tag for jquery
11 info addNameTag [ 'jquery', 'latest' ]
12 silly mapToRegistry name jquery
13 silly mapToRegistry using default registry
14 silly mapToRegistry registry https://registry.npmjs.org/
15 silly mapToRegistry data Result {
15 silly mapToRegistry   raw: 'jquery',
15 silly mapToRegistry   scope: null,
15 silly mapToRegistry   name: 'jquery',
15 silly mapToRegistry   rawSpec: '',
15 silly mapToRegistry   spec: 'latest',
15 silly mapToRegistry   type: 'tag' }
16 silly mapToRegistry uri https://registry.npmjs.org/jquery
17 verbose addNameTag registry:https://registry.npmjs.org/jquery not in flight; fetching
18 verbose request uri https://registry.npmjs.org/jquery
19 verbose request no auth needed
20 info attempt registry request try #1 at 9:52:43 PM
21 verbose request id 49105f013f29ff94
22 http request GET https://registry.npmjs.org/jquery
23 http 200 https://registry.npmjs.org/jquery
24 verbose headers { server: 'nginx/1.10.1',
24 verbose headers   'content-type': 'application/json',
24 verbose headers   'last-modified': 'Thu, 05 Jan 2017 22:23:44 GMT',
24 verbose headers   etag: 'W/"586ec770-14858"',
24 verbose headers   'content-encoding': 'gzip',
24 verbose headers   'cache-control': 'max-age=300',
24 verbose headers   'content-length': '9930',
24 verbose headers   'accept-ranges': 'bytes',
24 verbose headers   date: 'Sat, 07 Jan 2017 13:53:12 GMT',
24 verbose headers   via: '1.1 varnish',
24 verbose headers   age: '55',
24 verbose headers   connection: 'keep-alive',
24 verbose headers   'x-served-by': 'cache-cdg8733-CDG',
24 verbose headers   'x-cache': 'HIT',
24 verbose headers   'x-cache-hits': '1',
24 verbose headers   'x-timer': 'S1483797192.940544,VS0,VE0',
24 verbose headers   vary: 'Accept-Encoding' }
25 silly get cb [ 200,
25 silly get   { server: 'nginx/1.10.1',
25 silly get     'content-type': 'application/json',
25 silly get     'last-modified': 'Thu, 05 Jan 2017 22:23:44 GMT',
25 silly get     etag: 'W/"586ec770-14858"',
25 silly get     'content-encoding': 'gzip',
25 silly get     'cache-control': 'max-age=300',
25 silly get     'content-length': '9930',
25 silly get     'accept-ranges': 'bytes',
25 silly get     date: 'Sat, 07 Jan 2017 13:53:12 GMT',
25 silly get     via: '1.1 varnish',
25 silly get     age: '55',
25 silly get     connection: 'keep-alive',
25 silly get     'x-served-by': 'cache-cdg8733-CDG',
25 silly get     'x-cache': 'HIT',
25 silly get     'x-cache-hits': '1',
25 silly get     'x-timer': 'S1483797192.940544,VS0,VE0',
25 silly get     vary: 'Accept-Encoding' } ]
26 verbose get saving jquery to /Users/baolyang/.npm/registry.npmjs.org/jquery/.cache.json
27 verbose correctMkdir /Users/baolyang/.npm correctMkdir not in flight; initializing
28 silly addNameTag next cb for jquery with tag latest
29 silly addNamed jquery@3.1.1
30 verbose addNamed "3.1.1" is a plain semver version for jquery
31 silly mapToRegistry name jquery
32 silly mapToRegistry using default registry
33 silly mapToRegistry registry https://registry.npmjs.org/
34 silly mapToRegistry data Result {
34 silly mapToRegistry   raw: 'jquery',
34 silly mapToRegistry   scope: null,
34 silly mapToRegistry   name: 'jquery',
34 silly mapToRegistry   rawSpec: '',
34 silly mapToRegistry   spec: 'latest',
34 silly mapToRegistry   type: 'tag' }
35 silly mapToRegistry uri https://registry.npmjs.org/jquery
36 verbose addRemoteTarball https://registry.npmjs.org/jquery/-/jquery-3.1.1.tgz not in flight; adding
37 verbose addRemoteTarball [ 'https://registry.npmjs.org/jquery/-/jquery-3.1.1.tgz',
37 verbose addRemoteTarball   '347c1c21c7e004115e0a4da32cece041fad3c8a3' ]
38 info retry fetch attempt 1 at 9:53:33 PM
39 info attempt registry request try #1 at 9:53:33 PM
40 http fetch GET https://registry.npmjs.org/jquery/-/jquery-3.1.1.tgz
41 http fetch 200 https://registry.npmjs.org/jquery/-/jquery-3.1.1.tgz
42 silly fetchAndShaCheck shasum 347c1c21c7e004115e0a4da32cece041fad3c8a3
43 verbose stack Error: shasum check failed for /var/folders/r_/fpjs34ys51l84d_lj0q4hjtw3953ck/T/npm-63091-f1e63c25/registry.npmjs.org/jquery/-/jquery-3.1.1.tgz
43 verbose stack Expected: 347c1c21c7e004115e0a4da32cece041fad3c8a3
43 verbose stack Actual:   7f7c8868999f32ce258d76a8aba3f3fd3f6241d7
43 verbose stack From:     https://registry.npmjs.org/jquery/-/jquery-3.1.1.tgz
43 verbose stack     at /usr/local/lib/node_modules/npm/node_modules/sha/index.js:25:8
43 verbose stack     at ReadStream.<anonymous> (/usr/local/lib/node_modules/npm/node_modules/sha/index.js:72:7)
43 verbose stack     at emitNone (events.js:72:20)
43 verbose stack     at ReadStream.emit (events.js:166:7)
43 verbose stack     at endReadableNT (_stream_readable.js:913:12)
43 verbose stack     at nextTickCallbackWith2Args (node.js:442:9)
43 verbose stack     at process._tickCallback (node.js:356:17)
44 verbose cwd /Users/baolyang/Desktop/other/portfolioCode
45 error Darwin 15.6.0
46 error argv "/usr/local/bin/node" "/usr/local/bin/npm" "install" "jquery"
47 error node v4.4.4
48 error npm  v2.15.1
49 error shasum check failed for /var/folders/r_/fpjs34ys51l84d_lj0q4hjtw3953ck/T/npm-63091-f1e63c25/registry.npmjs.org/jquery/-/jquery-3.1.1.tgz
49 error Expected: 347c1c21c7e004115e0a4da32cece041fad3c8a3
49 error Actual:   7f7c8868999f32ce258d76a8aba3f3fd3f6241d7
49 error From:     https://registry.npmjs.org/jquery/-/jquery-3.1.1.tgz
50 error If you need help, you may report this error at:
50 error     <https://github.com/npm/npm/issues>
51 verbose exit [ 1, true ]
